<?xml version="1.0" encoding="UTF-8"?>
<testsuite xmlns:xsi="http://www.w3.org/2001/XMLSchema-instance" xsi:noNamespaceSchemaLocation="https://maven.apache.org/surefire/maven-surefire-plugin/xsd/surefire-test-report-3.0.xsd" version="3.0" name="br.com.gomide.list.singly.UnsortedSinglyLinkedListTest$Remove" time="0.029" tests="5" errors="0" skipped="0" failures="0">
  <properties>
[...]
</properties>
  <testcase name="removeTheLastElement" classname="br.com.gomide.list.singly.UnsortedSinglyLinkedListTest$Remove" time="0.003"/>
  <testcase name="doesNotRemoveAnElement" classname="br.com.gomide.list.singly.UnsortedSinglyLinkedListTest$Remove" time="0.005"/>
  <testcase name="removeTheFirstElement" classname="br.com.gomide.list.singly.UnsortedSinglyLinkedListTest$Remove" time="0.003"/>
  <testcase name="removeAnExistingElement" classname="br.com.gomide.list.singly.UnsortedSinglyLinkedListTest$Remove" time="0.002"/>
  <testcase name="removeTheFirstElementOfASingleList" classname="br.com.gomide.list.singly.UnsortedSinglyLinkedListTest$Remove" time="0.003"/>
</testsuite>